Dec 24, 2013 9:56:59 AM org.apache.solr.servlet.SolrDispatchFilter init
INFO: SolrDispatchFilter.init()
Dec 24, 2013 9:56:59 AM org.apache.solr.core.SolrResourceLoader locateSolrHome
INFO: JNDI not configured for solr (NoInitialContextEx)
Dec 24, 2013 9:56:59 AM org.apache.solr.core.SolrResourceLoader locateSolrHome
INFO: using system property solr.solr.home: /home/neev/RubyProject/rails-2/online_shopping/solr
Dec 24, 2013 9:56:59 AM org.apache.solr.core.CoreContainer$Initializer initialize
INFO: looking for solr.xml: /home/neev/RubyProject/rails-2/online_shopping/solr/solr.xml
Dec 24, 2013 9:56:59 AM org.apache.solr.core.CoreContainer <init>
INFO: New CoreContainer 998223962
Dec 24, 2013 9:56:59 AM org.apache.solr.core.CoreContainer load
INFO: Loading CoreContainer using Solr Home: '/home/neev/RubyProject/rails-2/online_shopping/solr/'
Dec 24, 2013 9:56:59 AM org.apache.solr.core.SolrResourceLoader <init>
INFO: new SolrResourceLoader for directory: '/home/neev/RubyProject/rails-2/online_shopping/solr/'
Dec 24, 2013 9:57:00 AM org.apache.solr.handler.component.HttpShardHandlerFactory getParameter
INFO: Setting socketTimeout to: 0
Dec 24, 2013 9:57:00 AM org.apache.solr.handler.component.HttpShardHandlerFactory getParameter
INFO: Setting urlScheme to: http://
Dec 24, 2013 9:57:00 AM org.apache.solr.handler.component.HttpShardHandlerFactory getParameter
INFO: Setting connTimeout to: 0
Dec 24, 2013 9:57:00 AM org.apache.solr.handler.component.HttpShardHandlerFactory getParameter
INFO: Setting maxConnectionsPerHost to: 20
Dec 24, 2013 9:57:00 AM org.apache.solr.handler.component.HttpShardHandlerFactory getParameter
INFO: Setting corePoolSize to: 0
Dec 24, 2013 9:57:00 AM org.apache.solr.handler.component.HttpShardHandlerFactory getParameter
INFO: Setting maximumPoolSize to: 2147483647
Dec 24, 2013 9:57:00 AM org.apache.solr.handler.component.HttpShardHandlerFactory getParameter
INFO: Setting maxThreadIdleTime to: 5
Dec 24, 2013 9:57:00 AM org.apache.solr.handler.component.HttpShardHandlerFactory getParameter
INFO: Setting sizeOfQueue to: -1
Dec 24, 2013 9:57:00 AM org.apache.solr.handler.component.HttpShardHandlerFactory getParameter
INFO: Setting fairnessPolicy to: false
Dec 24, 2013 9:57:00 AM org.apache.solr.client.solrj.impl.HttpClientUtil createClient
INFO: Creating new http client, config:maxConnectionsPerHost=20&maxConnections=10000&socketTimeout=0&connTimeout=0&retry=false
Dec 24, 2013 9:57:00 AM org.apache.solr.core.CoreContainer load
INFO: Registering Log Listener
Dec 24, 2013 9:57:00 AM org.apache.solr.core.CoreContainer create
INFO: Creating SolrCore 'default' using instanceDir: /home/neev/RubyProject/rails-2/online_shopping/solr/.
Dec 24, 2013 9:57:00 AM org.apache.solr.core.CoreContainer create
INFO: Creating SolrCore 'development' using instanceDir: /home/neev/RubyProject/rails-2/online_shopping/solr/.
Dec 24, 2013 9:57:00 AM org.apache.solr.core.SolrResourceLoader <init>
INFO: new SolrResourceLoader for directory: '/home/neev/RubyProject/rails-2/online_shopping/solr/./'
Dec 24, 2013 9:57:00 AM org.apache.solr.core.CoreContainer create
INFO: Creating SolrCore 'test' using instanceDir: /home/neev/RubyProject/rails-2/online_shopping/solr/.
Dec 24, 2013 9:57:00 AM org.apache.solr.core.SolrResourceLoader <init>
INFO: new SolrResourceLoader for directory: '/home/neev/RubyProject/rails-2/online_shopping/solr/./'
Dec 24, 2013 9:57:00 AM org.apache.solr.core.SolrResourceLoader <init>
INFO: new SolrResourceLoader for directory: '/home/neev/RubyProject/rails-2/online_shopping/solr/./'
Dec 24, 2013 9:57:00 AM org.apache.solr.core.SolrConfig <init>
INFO: Using Lucene MatchVersion: LUCENE_41
Dec 24, 2013 9:57:00 AM org.apache.solr.core.SolrConfig <init>
INFO: Using Lucene MatchVersion: LUCENE_41
Dec 24, 2013 9:57:00 AM org.apache.solr.core.SolrConfig <init>
INFO: Using Lucene MatchVersion: LUCENE_41
Dec 24, 2013 9:57:00 AM org.apache.solr.core.SolrConfig <init>
INFO: Loaded SolrConfig: solrconfig.xml
Dec 24, 2013 9:57:00 AM org.apache.solr.schema.IndexSchema readSchema
INFO: Reading Solr Schema
Dec 24, 2013 9:57:00 AM org.apache.solr.core.SolrConfig <init>
INFO: Loaded SolrConfig: solrconfig.xml
Dec 24, 2013 9:57:00 AM org.apache.solr.schema.IndexSchema readSchema
INFO: Reading Solr Schema
Dec 24, 2013 9:57:00 AM org.apache.solr.schema.IndexSchema readSchema
INFO: Schema name=sunspot
Dec 24, 2013 9:57:00 AM org.apache.solr.core.SolrConfig <init>
INFO: Loaded SolrConfig: solrconfig.xml
Dec 24, 2013 9:57:00 AM org.apache.solr.schema.IndexSchema readSchema
INFO: Reading Solr Schema
Dec 24, 2013 9:57:00 AM org.apache.solr.schema.IndexSchema readSchema
INFO: Schema name=sunspot
Dec 24, 2013 9:57:00 AM org.apache.solr.schema.IndexSchema readSchema
INFO: Schema name=sunspot
Dec 24, 2013 9:57:01 AM org.apache.solr.schema.IndexSchema readSchema
INFO: default search field in schema is text
Dec 24, 2013 9:57:01 AM org.apache.solr.schema.IndexSchema readSchema
INFO: query parser default operator is AND
Dec 24, 2013 9:57:01 AM org.apache.solr.schema.IndexSchema readSchema
INFO: unique key field: id
Dec 24, 2013 9:57:01 AM org.apache.solr.schema.IndexSchema readSchema
INFO: default search field in schema is text
Dec 24, 2013 9:57:01 AM org.apache.solr.schema.IndexSchema readSchema
INFO: query parser default operator is AND
Dec 24, 2013 9:57:01 AM org.apache.solr.schema.IndexSchema readSchema
INFO: unique key field: id
Dec 24, 2013 9:57:01 AM org.apache.solr.schema.IndexSchema readSchema
INFO: default search field in schema is text
Dec 24, 2013 9:57:01 AM org.apache.solr.schema.IndexSchema readSchema
INFO: query parser default operator is AND
Dec 24, 2013 9:57:01 AM org.apache.solr.schema.IndexSchema readSchema
INFO: unique key field: id
Dec 24, 2013 9:57:01 AM org.apache.solr.core.SolrCore <init>
INFO: [default] Opening new SolrCore at /home/neev/RubyProject/rails-2/online_shopping/solr/./, dataDir=/home/neev/RubyProject/rails-2/online_shopping/solr/./default/data/
Dec 24, 2013 9:57:01 AM org.apache.solr.core.SolrCore <init>
INFO: [development] Opening new SolrCore at /home/neev/RubyProject/rails-2/online_shopping/solr/./, dataDir=/home/neev/RubyProject/rails-2/online_shopping/solr/./development/data/
Dec 24, 2013 9:57:01 AM org.apache.solr.core.SolrCore <init>
INFO: [test] Opening new SolrCore at /home/neev/RubyProject/rails-2/online_shopping/solr/./, dataDir=/home/neev/RubyProject/rails-2/online_shopping/solr/./test/data/
Dec 24, 2013 9:57:01 AM org.apache.solr.core.SolrCore <init>
INFO: JMX monitoring not detected for core: default
Dec 24, 2013 9:57:01 AM org.apache.solr.core.SolrCore <init>
INFO: JMX monitoring not detected for core: test
Dec 24, 2013 9:57:01 AM org.apache.solr.core.SolrCore <init>
INFO: JMX monitoring not detected for core: development
Dec 24, 2013 9:57:01 AM org.apache.solr.core.SolrCore initDirectoryFactory
INFO: solr.NRTCachingDirectoryFactory
Dec 24, 2013 9:57:01 AM org.apache.solr.core.SolrCore initDirectoryFactory
INFO: solr.NRTCachingDirectoryFactory
Dec 24, 2013 9:57:01 AM org.apache.solr.core.SolrCore initDirectoryFactory
INFO: solr.NRTCachingDirectoryFactory
Dec 24, 2013 9:57:01 AM org.apache.solr.core.CachingDirectoryFactory get
INFO: return new directory for /home/neev/RubyProject/rails-2/online_shopping/solr/./default/data forceNew: false
Dec 24, 2013 9:57:01 AM org.apache.solr.core.CachingDirectoryFactory get
INFO: return new directory for /home/neev/RubyProject/rails-2/online_shopping/solr/./test/data forceNew: false
Dec 24, 2013 9:57:01 AM org.apache.solr.core.CachingDirectoryFactory get
INFO: return new directory for /home/neev/RubyProject/rails-2/online_shopping/solr/./development/data forceNew: false
Dec 24, 2013 9:57:01 AM org.apache.solr.core.SolrCore getNewIndexDir
INFO: New index directory detected: old=null new=/home/neev/RubyProject/rails-2/online_shopping/solr/./test/data/index/
Dec 24, 2013 9:57:01 AM org.apache.solr.core.SolrCore getNewIndexDir
INFO: New index directory detected: old=null new=/home/neev/RubyProject/rails-2/online_shopping/solr/./default/data/index/
Dec 24, 2013 9:57:01 AM org.apache.solr.core.CachingDirectoryFactory get
INFO: return new directory for /home/neev/RubyProject/rails-2/online_shopping/solr/./test/data/index forceNew: false
Dec 24, 2013 9:57:01 AM org.apache.solr.core.SolrCore getNewIndexDir
INFO: New index directory detected: old=null new=/home/neev/RubyProject/rails-2/online_shopping/solr/./development/data/index/
Dec 24, 2013 9:57:01 AM org.apache.solr.core.CachingDirectoryFactory get
INFO: return new directory for /home/neev/RubyProject/rails-2/online_shopping/solr/./development/data/index forceNew: false
Dec 24, 2013 9:57:01 AM org.apache.solr.core.CachingDirectoryFactory get
INFO: return new directory for /home/neev/RubyProject/rails-2/online_shopping/solr/./default/data/index forceNew: false
Dec 24, 2013 9:57:01 AM org.apache.solr.core.RequestHandlers initHandlersFromConfig
INFO: created /select: solr.SearchHandler
Dec 24, 2013 9:57:01 AM org.apache.solr.core.RequestHandlers initHandlersFromConfig
INFO: created /query: solr.SearchHandler
Dec 24, 2013 9:57:01 AM org.apache.solr.core.RequestHandlers initHandlersFromConfig
INFO: created /select: solr.SearchHandler
Dec 24, 2013 9:57:01 AM org.apache.solr.core.RequestHandlers initHandlersFromConfig
INFO: created /query: solr.SearchHandler
Dec 24, 2013 9:57:01 AM org.apache.solr.core.RequestHandlers initHandlersFromConfig
INFO: created /get: solr.RealTimeGetHandler
Dec 24, 2013 9:57:01 AM org.apache.solr.core.RequestHandlers initHandlersFromConfig
INFO: created /get: solr.RealTimeGetHandler
Dec 24, 2013 9:57:01 AM org.apache.solr.core.RequestHandlers initHandlersFromConfig
INFO: created /select: solr.SearchHandler
Dec 24, 2013 9:57:01 AM org.apache.solr.core.RequestHandlers initHandlersFromConfig
INFO: created /query: solr.SearchHandler
Dec 24, 2013 9:57:01 AM org.apache.solr.core.RequestHandlers initHandlersFromConfig
INFO: created /get: solr.RealTimeGetHandler
Dec 24, 2013 9:57:01 AM org.apache.solr.core.RequestHandlers initHandlersFromConfig
INFO: created /update: solr.UpdateRequestHandler
Dec 24, 2013 9:57:01 AM org.apache.solr.core.RequestHandlers initHandlersFromConfig
INFO: created /update: solr.UpdateRequestHandler
Dec 24, 2013 9:57:01 AM org.apache.solr.core.RequestHandlers initHandlersFromConfig
INFO: created /update: solr.UpdateRequestHandler
Dec 24, 2013 9:57:01 AM org.apache.solr.core.RequestHandlers initHandlersFromConfig
INFO: created /update/json: solr.JsonUpdateRequestHandler
Dec 24, 2013 9:57:01 AM org.apache.solr.core.RequestHandlers initHandlersFromConfig
INFO: created /update/json: solr.JsonUpdateRequestHandler
Dec 24, 2013 9:57:01 AM org.apache.solr.core.RequestHandlers initHandlersFromConfig
INFO: created /update/json: solr.JsonUpdateRequestHandler
Dec 24, 2013 9:57:01 AM org.apache.solr.core.RequestHandlers initHandlersFromConfig
INFO: created /update/csv: solr.CSVRequestHandler
Dec 24, 2013 9:57:01 AM org.apache.solr.core.RequestHandlers initHandlersFromConfig
INFO: adding lazy requestHandler: solr.extraction.ExtractingRequestHandler
Dec 24, 2013 9:57:01 AM org.apache.solr.core.RequestHandlers initHandlersFromConfig
INFO: created /update/csv: solr.CSVRequestHandler
Dec 24, 2013 9:57:01 AM org.apache.solr.core.RequestHandlers initHandlersFromConfig
INFO: created /update/extract: solr.extraction.ExtractingRequestHandler
Dec 24, 2013 9:57:01 AM org.apache.solr.core.RequestHandlers initHandlersFromConfig
INFO: created /update/csv: solr.CSVRequestHandler
Dec 24, 2013 9:57:01 AM org.apache.solr.core.RequestHandlers initHandlersFromConfig
INFO: adding lazy requestHandler: solr.FieldAnalysisRequestHandler
Dec 24, 2013 9:57:01 AM org.apache.solr.core.RequestHandlers initHandlersFromConfig
INFO: adding lazy requestHandler: solr.extraction.ExtractingRequestHandler
Dec 24, 2013 9:57:01 AM org.apache.solr.core.RequestHandlers initHandlersFromConfig
INFO: created /analysis/field: solr.FieldAnalysisRequestHandler
Dec 24, 2013 9:57:01 AM org.apache.solr.core.RequestHandlers initHandlersFromConfig
INFO: adding lazy requestHandler: solr.extraction.ExtractingRequestHandler
Dec 24, 2013 9:57:01 AM org.apache.solr.core.RequestHandlers initHandlersFromConfig
INFO: adding lazy requestHandler: solr.DocumentAnalysisRequestHandler
Dec 24, 2013 9:57:01 AM org.apache.solr.core.RequestHandlers initHandlersFromConfig
INFO: created /update/extract: solr.extraction.ExtractingRequestHandler
Dec 24, 2013 9:57:01 AM org.apache.solr.core.RequestHandlers initHandlersFromConfig
INFO: created /analysis/document: solr.DocumentAnalysisRequestHandler
Dec 24, 2013 9:57:01 AM org.apache.solr.core.RequestHandlers initHandlersFromConfig
INFO: created /update/extract: solr.extraction.ExtractingRequestHandler
Dec 24, 2013 9:57:01 AM org.apache.solr.core.RequestHandlers initHandlersFromConfig
INFO: adding lazy requestHandler: solr.FieldAnalysisRequestHandler
Dec 24, 2013 9:57:01 AM org.apache.solr.core.RequestHandlers initHandlersFromConfig
INFO: adding lazy requestHandler: solr.FieldAnalysisRequestHandler
Dec 24, 2013 9:57:01 AM org.apache.solr.core.RequestHandlers initHandlersFromConfig
INFO: created /analysis/field: solr.FieldAnalysisRequestHandler
Dec 24, 2013 9:57:01 AM org.apache.solr.core.RequestHandlers initHandlersFromConfig
INFO: created /admin/ping: solr.PingRequestHandler
Dec 24, 2013 9:57:01 AM org.apache.solr.core.RequestHandlers initHandlersFromConfig
INFO: created /analysis/field: solr.FieldAnalysisRequestHandler
Dec 24, 2013 9:57:01 AM org.apache.solr.core.RequestHandlers initHandlersFromConfig
INFO: adding lazy requestHandler: solr.DocumentAnalysisRequestHandler
Dec 24, 2013 9:57:01 AM org.apache.solr.core.RequestHandlers initHandlersFromConfig
INFO: adding lazy requestHandler: solr.DocumentAnalysisRequestHandler
Dec 24, 2013 9:57:01 AM org.apache.solr.core.RequestHandlers initHandlersFromConfig
INFO: created /debug/dump: solr.DumpRequestHandler
Dec 24, 2013 9:57:01 AM org.apache.solr.core.RequestHandlers initHandlersFromConfig
INFO: created /analysis/document: solr.DocumentAnalysisRequestHandler
Dec 24, 2013 9:57:01 AM org.apache.solr.core.RequestHandlers initHandlersFromConfig
INFO: created /analysis/document: solr.DocumentAnalysisRequestHandler
Dec 24, 2013 9:57:01 AM org.apache.solr.core.RequestHandlers initHandlersFromConfig
INFO: created /admin/ping: solr.PingRequestHandler
Dec 24, 2013 9:57:01 AM org.apache.solr.core.RequestHandlers initHandlersFromConfig
INFO: created /debug/dump: solr.DumpRequestHandler
Dec 24, 2013 9:57:01 AM org.apache.solr.core.RequestHandlers initHandlersFromConfig
INFO: created /admin/ping: solr.PingRequestHandler
Dec 24, 2013 9:57:01 AM org.apache.solr.core.RequestHandlers initHandlersFromConfig
INFO: created /debug/dump: solr.DumpRequestHandler
Dec 24, 2013 9:57:01 AM org.apache.solr.core.RequestHandlers initHandlersFromConfig
INFO: created /replication: solr.ReplicationHandler
Dec 24, 2013 9:57:01 AM org.apache.solr.core.RequestHandlers initHandlersFromConfig
INFO: created /mlt: solr.MoreLikeThisHandler
Dec 24, 2013 9:57:01 AM org.apache.solr.core.RequestHandlers initHandlersFromConfig
INFO: created /replication: solr.ReplicationHandler
Dec 24, 2013 9:57:01 AM org.apache.solr.core.RequestHandlers initHandlersFromConfig
INFO: created /admin/: solr.admin.AdminHandlers
Dec 24, 2013 9:57:01 AM org.apache.solr.core.RequestHandlers initHandlersFromConfig
INFO: created /replication: solr.ReplicationHandler
Dec 24, 2013 9:57:01 AM org.apache.solr.core.RequestHandlers initHandlersFromConfig
INFO: created /mlt: solr.MoreLikeThisHandler
Dec 24, 2013 9:57:01 AM org.apache.solr.core.RequestHandlers initHandlersFromConfig
INFO: created /mlt: solr.MoreLikeThisHandler
Dec 24, 2013 9:57:01 AM org.apache.solr.core.RequestHandlers initHandlersFromConfig
INFO: created /admin/: solr.admin.AdminHandlers
Dec 24, 2013 9:57:01 AM org.apache.solr.core.RequestHandlers initHandlersFromConfig
INFO: created /admin/: solr.admin.AdminHandlers
Dec 24, 2013 9:57:01 AM org.apache.solr.handler.loader.XMLLoader init
INFO: xsltCacheLifetimeSeconds=60
Dec 24, 2013 9:57:01 AM org.apache.solr.handler.loader.XMLLoader init
INFO: xsltCacheLifetimeSeconds=60
Dec 24, 2013 9:57:01 AM org.apache.solr.handler.loader.XMLLoader init
INFO: xsltCacheLifetimeSeconds=60
Dec 24, 2013 9:57:01 AM org.apache.solr.handler.loader.XMLLoader init
INFO: xsltCacheLifetimeSeconds=60
Dec 24, 2013 9:57:01 AM org.apache.solr.handler.loader.XMLLoader init
INFO: xsltCacheLifetimeSeconds=60
Dec 24, 2013 9:57:01 AM org.apache.solr.handler.loader.XMLLoader init
INFO: xsltCacheLifetimeSeconds=60
Dec 24, 2013 9:57:01 AM org.apache.solr.handler.loader.XMLLoader init
INFO: xsltCacheLifetimeSeconds=60
Dec 24, 2013 9:57:01 AM org.apache.solr.handler.loader.XMLLoader init
INFO: xsltCacheLifetimeSeconds=60
Dec 24, 2013 9:57:01 AM org.apache.solr.handler.loader.XMLLoader init
INFO: xsltCacheLifetimeSeconds=60
Dec 24, 2013 9:57:01 AM org.apache.solr.search.SolrIndexSearcher <init>
INFO: Opening Searcher@60f68e37 main
Dec 24, 2013 9:57:01 AM org.apache.solr.search.SolrIndexSearcher <init>
INFO: Opening Searcher@60f68e37 main
Dec 24, 2013 9:57:01 AM org.apache.solr.update.CommitTracker <init>
INFO: Hard AutoCommit: if uncommited for 15000ms; 
Dec 24, 2013 9:57:01 AM org.apache.solr.update.CommitTracker <init>
INFO: Hard AutoCommit: if uncommited for 15000ms; 
Dec 24, 2013 9:57:01 AM org.apache.solr.update.CommitTracker <init>
INFO: Soft AutoCommit: if uncommited for 5000ms; 
Dec 24, 2013 9:57:01 AM org.apache.solr.handler.component.SpellCheckComponent inform
INFO: Initializing spell checkers
Dec 24, 2013 9:57:01 AM org.apache.solr.update.CommitTracker <init>
INFO: Soft AutoCommit: if uncommited for 5000ms; 
Dec 24, 2013 9:57:01 AM org.apache.solr.handler.component.SpellCheckComponent inform
INFO: Initializing spell checkers
Dec 24, 2013 9:57:01 AM org.apache.solr.spelling.DirectSolrSpellChecker init
INFO: init: {name=default,field=name,classname=solr.DirectSolrSpellChecker,distanceMeasure=internal,accuracy=0.5,maxEdits=2,minPrefix=1,maxInspections=5,minQueryLength=4,maxQueryFrequency=0.01}
Dec 24, 2013 9:57:01 AM org.apache.solr.spelling.DirectSolrSpellChecker init
INFO: init: {name=default,field=name,classname=solr.DirectSolrSpellChecker,distanceMeasure=internal,accuracy=0.5,maxEdits=2,minPrefix=1,maxInspections=5,minQueryLength=4,maxQueryFrequency=0.01}
Dec 24, 2013 9:57:01 AM org.apache.solr.handler.component.SpellCheckComponent inform
INFO: No queryConverter defined, using default converter
Dec 24, 2013 9:57:01 AM org.apache.solr.handler.component.SpellCheckComponent inform
INFO: No queryConverter defined, using default converter
Dec 24, 2013 9:57:01 AM org.apache.solr.handler.ReplicationHandler inform
INFO: Commits will be reserved for  10000
Dec 24, 2013 9:57:01 AM org.apache.solr.handler.ReplicationHandler inform
INFO: Commits will be reserved for  10000
Dec 24, 2013 9:57:01 AM org.apache.solr.core.SolrCore registerSearcher
INFO: [default] Registered new searcher Searcher@60f68e37 main{StandardDirectoryReader(segments_1:1)}
Dec 24, 2013 9:57:01 AM org.apache.solr.core.CoreContainer registerCore
INFO: registering core: test
Dec 24, 2013 9:57:01 AM org.apache.solr.core.CoreContainer registerCore
INFO: registering core: default
Dec 24, 2013 9:57:01 AM org.apache.solr.core.SolrCore registerSearcher
INFO: [test] Registered new searcher Searcher@60f68e37 main{StandardDirectoryReader(segments_1:1)}
Dec 24, 2013 9:57:01 AM org.apache.solr.search.SolrIndexSearcher <init>
INFO: Opening Searcher@a3f075 main
Dec 24, 2013 9:57:01 AM org.apache.solr.update.CommitTracker <init>
INFO: Hard AutoCommit: if uncommited for 15000ms; 
Dec 24, 2013 9:57:01 AM org.apache.solr.update.CommitTracker <init>
INFO: Soft AutoCommit: if uncommited for 5000ms; 
Dec 24, 2013 9:57:01 AM org.apache.solr.handler.component.SpellCheckComponent inform
INFO: Initializing spell checkers
Dec 24, 2013 9:57:01 AM org.apache.solr.spelling.DirectSolrSpellChecker init
INFO: init: {name=default,field=name,classname=solr.DirectSolrSpellChecker,distanceMeasure=internal,accuracy=0.5,maxEdits=2,minPrefix=1,maxInspections=5,minQueryLength=4,maxQueryFrequency=0.01}
Dec 24, 2013 9:57:01 AM org.apache.solr.handler.component.SpellCheckComponent inform
INFO: No queryConverter defined, using default converter
Dec 24, 2013 9:57:01 AM org.apache.solr.handler.ReplicationHandler inform
INFO: Commits will be reserved for  10000
Dec 24, 2013 9:57:01 AM org.apache.solr.core.SolrCore registerSearcher
INFO: [development] Registered new searcher Searcher@a3f075 main{StandardDirectoryReader(segments_f:53 _c(4.2):C15 _d(4.2):C5)}
Dec 24, 2013 9:57:01 AM org.apache.solr.core.CoreContainer registerCore
INFO: registering core: development
Dec 24, 2013 9:57:01 AM org.apache.solr.servlet.SolrDispatchFilter init
INFO: user.dir=/home/neev/.rvm/gems/ruby-2.0.0-p247/gems/sunspot_solr-2.1.0/solr
Dec 24, 2013 9:57:01 AM org.apache.solr.servlet.SolrDispatchFilter init
INFO: SolrDispatchFilter.init() done
Dec 24, 2013 9:57:08 AM org.apache.solr.core.SolrCore execute
INFO: [development] webapp=/solr path=/select params={fl=*+score&start=0&q=Nokia&qf=name_text&wt=ruby&fq=type:Product&rows=30&defType=edismax} hits=3 status=0 QTime=95 
Dec 24, 2013 9:57:08 AM org.apache.solr.core.SolrCore execute
INFO: [development] webapp=/solr path=/select params={fl=*+score&start=0&q=Nokia&qf=name_text&wt=ruby&fq=type:Category&rows=30&defType=edismax} hits=1 status=0 QTime=3 
Dec 24, 2013 10:02:05 AM org.apache.solr.core.SolrCore execute
INFO: [development] webapp=/solr path=/select params={fl=*+score&start=0&q=Mobile&qf=name_text&wt=ruby&fq=type:Product&rows=30&defType=edismax} hits=0 status=0 QTime=1 
Dec 24, 2013 10:02:05 AM org.apache.solr.core.SolrCore execute
INFO: [development] webapp=/solr path=/select params={fl=*+score&start=0&q=Mobile&qf=name_text&wt=ruby&fq=type:Category&rows=30&defType=edismax} hits=1 status=0 QTime=2 
Dec 24, 2013 10:08:12 AM org.apache.solr.core.SolrCore execute
INFO: [development] webapp=/solr path=/select params={fl=*+score&start=0&q=Mobile&qf=name_text&wt=ruby&fq=type:Product&rows=30&defType=edismax} hits=0 status=0 QTime=1 
Dec 24, 2013 10:08:12 AM org.apache.solr.core.SolrCore execute
INFO: [development] webapp=/solr path=/select params={fl=*+score&start=0&q=Mobile&qf=name_text&wt=ruby&fq=type:Category&rows=30&defType=edismax} hits=1 status=0 QTime=2 
Dec 24, 2013 10:11:35 AM org.apache.solr.core.SolrCore execute
INFO: [development] webapp=/solr path=/select params={fl=*+score&start=0&q=Nokia&qf=name_text&wt=ruby&fq=type:Product&rows=30&defType=edismax} hits=3 status=0 QTime=1 
Dec 24, 2013 10:11:35 AM org.apache.solr.core.SolrCore execute
INFO: [development] webapp=/solr path=/select params={fl=*+score&start=0&q=Nokia&qf=name_text&wt=ruby&fq=type:Category&rows=30&defType=edismax} hits=1 status=0 QTime=1 
Dec 24, 2013 10:11:44 AM org.apache.solr.core.SolrCore execute
INFO: [development] webapp=/solr path=/select params={fl=*+score&start=0&q=Mobile&qf=name_text&wt=ruby&fq=type:Product&rows=30&defType=edismax} hits=0 status=0 QTime=1 
Dec 24, 2013 10:11:44 AM org.apache.solr.core.SolrCore execute
INFO: [development] webapp=/solr path=/select params={fl=*+score&start=0&q=Mobile&qf=name_text&wt=ruby&fq=type:Category&rows=30&defType=edismax} hits=1 status=0 QTime=1 
Dec 24, 2013 10:12:19 AM org.apache.solr.core.SolrCore execute
INFO: [development] webapp=/solr path=/select params={fl=*+score&start=0&q=Mobile&qf=name_text&wt=ruby&fq=type:Product&rows=30&defType=edismax} hits=0 status=0 QTime=1 
Dec 24, 2013 10:12:19 AM org.apache.solr.core.SolrCore execute
INFO: [development] webapp=/solr path=/select params={fl=*+score&start=0&q=Mobile&qf=name_text&wt=ruby&fq=type:Category&rows=30&defType=edismax} hits=1 status=0 QTime=1 
Dec 24, 2013 10:12:45 AM org.apache.solr.core.SolrCore execute
INFO: [development] webapp=/solr path=/select params={fl=*+score&start=0&q=Mobile&qf=name_text&wt=ruby&fq=type:Product&rows=30&defType=edismax} hits=0 status=0 QTime=1 
Dec 24, 2013 10:12:45 AM org.apache.solr.core.SolrCore execute
INFO: [development] webapp=/solr path=/select params={fl=*+score&start=0&q=Mobile&qf=name_text&wt=ruby&fq=type:Category&rows=30&defType=edismax} hits=1 status=0 QTime=1 
Dec 24, 2013 10:13:09 AM org.apache.solr.core.SolrCore execute
INFO: [development] webapp=/solr path=/select params={fl=*+score&start=0&q=Nokia&qf=name_text&wt=ruby&fq=type:Product&rows=30&defType=edismax} hits=3 status=0 QTime=0 
Dec 24, 2013 10:13:09 AM org.apache.solr.core.SolrCore execute
INFO: [development] webapp=/solr path=/select params={fl=*+score&start=0&q=Nokia&qf=name_text&wt=ruby&fq=type:Category&rows=30&defType=edismax} hits=1 status=0 QTime=1 
Dec 24, 2013 10:22:46 AM org.apache.solr.core.SolrCore execute
INFO: [development] webapp=/solr path=/select params={fl=*+score&start=0&q=Nokia&qf=name_text&wt=ruby&fq=type:Product&rows=30&defType=edismax} hits=3 status=0 QTime=1 
Dec 24, 2013 10:22:46 AM org.apache.solr.core.SolrCore execute
INFO: [development] webapp=/solr path=/select params={fl=*+score&start=0&q=Nokia&qf=name_text&wt=ruby&fq=type:Category&rows=30&defType=edismax} hits=1 status=0 QTime=0 
Dec 24, 2013 10:23:03 AM org.apache.solr.core.SolrCore execute
INFO: [development] webapp=/solr path=/select params={fl=*+score&start=0&q=Nokiarereftr&qf=name_text&wt=ruby&fq=type:Product&rows=30&defType=edismax} hits=0 status=0 QTime=1 
Dec 24, 2013 10:23:03 AM org.apache.solr.core.SolrCore execute
INFO: [development] webapp=/solr path=/select params={fl=*+score&start=0&q=Nokiarereftr&qf=name_text&wt=ruby&fq=type:Category&rows=30&defType=edismax} hits=0 status=0 QTime=1 
Dec 24, 2013 10:23:18 AM org.apache.solr.core.SolrCore execute
INFO: [development] webapp=/solr path=/select params={fl=*+score&start=0&q=reffsdefs&qf=name_text&wt=ruby&fq=type:Product&rows=30&defType=edismax} hits=0 status=0 QTime=1 
Dec 24, 2013 10:23:18 AM org.apache.solr.core.SolrCore execute
INFO: [development] webapp=/solr path=/select params={fl=*+score&start=0&q=reffsdefs&qf=name_text&wt=ruby&fq=type:Category&rows=30&defType=edismax} hits=0 status=0 QTime=1 
Dec 24, 2013 10:24:09 AM org.apache.solr.core.SolrCore execute
INFO: [development] webapp=/solr path=/select params={fl=*+score&start=0&q=Nokia&qf=name_text&wt=ruby&fq=type:Product&rows=30&defType=edismax} hits=3 status=0 QTime=1 
Dec 24, 2013 10:24:09 AM org.apache.solr.core.SolrCore execute
INFO: [development] webapp=/solr path=/select params={fl=*+score&start=0&q=Nokia&qf=name_text&wt=ruby&fq=type:Category&rows=30&defType=edismax} hits=1 status=0 QTime=1 
Dec 24, 2013 10:24:15 AM org.apache.solr.core.SolrCore execute
INFO: [development] webapp=/solr path=/select params={fl=*+score&start=0&q=Mobile&qf=name_text&wt=ruby&fq=type:Product&rows=30&defType=edismax} hits=0 status=0 QTime=1 
Dec 24, 2013 10:24:15 AM org.apache.solr.core.SolrCore execute
INFO: [development] webapp=/solr path=/select params={fl=*+score&start=0&q=Mobile&qf=name_text&wt=ruby&fq=type:Category&rows=30&defType=edismax} hits=1 status=0 QTime=1 
Dec 24, 2013 10:25:55 AM org.apache.solr.core.SolrCore execute
INFO: [development] webapp=/solr path=/select params={fl=*+score&start=0&q=Mobile&qf=name_text&wt=ruby&fq=type:Product&rows=30&defType=edismax} hits=0 status=0 QTime=0 
Dec 24, 2013 10:25:55 AM org.apache.solr.core.SolrCore execute
INFO: [development] webapp=/solr path=/select params={fl=*+score&start=0&q=Mobile&qf=name_text&wt=ruby&fq=type:Category&rows=30&defType=edismax} hits=1 status=0 QTime=2 
Dec 24, 2013 10:27:04 AM org.apache.solr.core.SolrCore execute
INFO: [development] webapp=/solr path=/select params={fl=*+score&start=0&q=Mobile&qf=name_text&wt=ruby&fq=type:Product&rows=30&defType=edismax} hits=0 status=0 QTime=1 
Dec 24, 2013 10:27:04 AM org.apache.solr.core.SolrCore execute
INFO: [development] webapp=/solr path=/select params={fl=*+score&start=0&q=Mobile&qf=name_text&wt=ruby&fq=type:Category&rows=30&defType=edismax} hits=1 status=0 QTime=1 
Dec 24, 2013 10:27:11 AM org.apache.solr.core.SolrCore execute
INFO: [development] webapp=/solr path=/select params={fl=*+score&start=0&q=Nokia&qf=name_text&wt=ruby&fq=type:Product&rows=30&defType=edismax} hits=3 status=0 QTime=1 
Dec 24, 2013 10:27:11 AM org.apache.solr.core.SolrCore execute
INFO: [development] webapp=/solr path=/select params={fl=*+score&start=0&q=Nokia&qf=name_text&wt=ruby&fq=type:Category&rows=30&defType=edismax} hits=1 status=0 QTime=0 
Dec 24, 2013 10:28:08 AM org.apache.solr.core.SolrCore execute
INFO: [development] webapp=/solr path=/select params={fl=*+score&start=0&q=Nokia&qf=name_text&wt=ruby&fq=type:Product&rows=30&defType=edismax} hits=3 status=0 QTime=1 
Dec 24, 2013 10:28:08 AM org.apache.solr.core.SolrCore execute
INFO: [development] webapp=/solr path=/select params={fl=*+score&start=0&q=Nokia&qf=name_text&wt=ruby&fq=type:Category&rows=30&defType=edismax} hits=1 status=0 QTime=1 
Dec 24, 2013 10:28:13 AM org.apache.solr.core.SolrCore execute
INFO: [development] webapp=/solr path=/select params={fl=*+score&start=0&q=Mobile&qf=name_text&wt=ruby&fq=type:Product&rows=30&defType=edismax} hits=0 status=0 QTime=1 
Dec 24, 2013 10:28:13 AM org.apache.solr.core.SolrCore execute
INFO: [development] webapp=/solr path=/select params={fl=*+score&start=0&q=Mobile&qf=name_text&wt=ruby&fq=type:Category&rows=30&defType=edismax} hits=1 status=0 QTime=0 
Dec 24, 2013 10:28:20 AM org.apache.solr.core.SolrCore execute
INFO: [development] webapp=/solr path=/select params={fl=*+score&start=0&q=Nokia&qf=name_text&wt=ruby&fq=type:Product&rows=30&defType=edismax} hits=3 status=0 QTime=1 
Dec 24, 2013 10:28:20 AM org.apache.solr.core.SolrCore execute
INFO: [development] webapp=/solr path=/select params={fl=*+score&start=0&q=Nokia&qf=name_text&wt=ruby&fq=type:Category&rows=30&defType=edismax} hits=1 status=0 QTime=1 
Dec 24, 2013 10:30:29 AM org.apache.solr.core.SolrCore execute
INFO: [development] webapp=/solr path=/select params={fl=*+score&start=0&q=Nokia&qf=name_text&wt=ruby&fq=type:Product&rows=30&defType=edismax} hits=3 status=0 QTime=1 
Dec 24, 2013 10:30:29 AM org.apache.solr.core.SolrCore execute
INFO: [development] webapp=/solr path=/select params={fl=*+score&start=0&q=Nokia&qf=name_text&wt=ruby&fq=type:Category&rows=30&defType=edismax} hits=1 status=0 QTime=0 
Dec 24, 2013 10:30:51 AM org.apache.solr.core.SolrCore execute
INFO: [development] webapp=/solr path=/select params={fl=*+score&start=0&q=Nokia&qf=name_text&wt=ruby&fq=type:Product&rows=30&defType=edismax} hits=3 status=0 QTime=1 
Dec 24, 2013 10:30:51 AM org.apache.solr.core.SolrCore execute
INFO: [development] webapp=/solr path=/select params={fl=*+score&start=0&q=Nokia&qf=name_text&wt=ruby&fq=type:Category&rows=30&defType=edismax} hits=1 status=0 QTime=1 
Dec 24, 2013 10:31:56 AM org.apache.solr.core.SolrCore execute
INFO: [development] webapp=/solr path=/select params={fl=*+score&start=0&q=Nokia&qf=name_text&wt=ruby&fq=type:Product&rows=30&defType=edismax} hits=3 status=0 QTime=1 
Dec 24, 2013 10:31:56 AM org.apache.solr.core.SolrCore execute
INFO: [development] webapp=/solr path=/select params={fl=*+score&start=0&q=Nokia&qf=name_text&wt=ruby&fq=type:Category&rows=30&defType=edismax} hits=1 status=0 QTime=1 
Dec 24, 2013 10:32:29 AM org.apache.solr.core.SolrCore execute
INFO: [development] webapp=/solr path=/select params={fl=*+score&start=0&q=Nokia&qf=name_text&wt=ruby&fq=type:Product&rows=30&defType=edismax} hits=3 status=0 QTime=1 
Dec 24, 2013 10:32:29 AM org.apache.solr.core.SolrCore execute
INFO: [development] webapp=/solr path=/select params={fl=*+score&start=0&q=Nokia&qf=name_text&wt=ruby&fq=type:Category&rows=30&defType=edismax} hits=1 status=0 QTime=1 
Dec 24, 2013 10:32:31 AM org.apache.solr.core.SolrCore execute
INFO: [development] webapp=/solr path=/select params={fl=*+score&start=0&q=Nokia&qf=name_text&wt=ruby&fq=type:Product&rows=30&defType=edismax} hits=3 status=0 QTime=0 
Dec 24, 2013 10:32:31 AM org.apache.solr.core.SolrCore execute
INFO: [development] webapp=/solr path=/select params={fl=*+score&start=0&q=Nokia&qf=name_text&wt=ruby&fq=type:Category&rows=30&defType=edismax} hits=1 status=0 QTime=1 
Dec 24, 2013 10:32:31 AM org.apache.solr.core.SolrCore execute
INFO: [development] webapp=/solr path=/select params={fl=*+score&start=0&q=Nokia&qf=name_text&wt=ruby&fq=type:Product&rows=30&defType=edismax} hits=3 status=0 QTime=0 
Dec 24, 2013 10:32:31 AM org.apache.solr.core.SolrCore execute
INFO: [development] webapp=/solr path=/select params={fl=*+score&start=0&q=Nokia&qf=name_text&wt=ruby&fq=type:Category&rows=30&defType=edismax} hits=1 status=0 QTime=1 
Dec 24, 2013 10:33:13 AM org.apache.solr.core.SolrCore execute
INFO: [development] webapp=/solr path=/select params={fl=*+score&start=0&q=Mobile&qf=name_text&wt=ruby&fq=type:Product&rows=30&defType=edismax} hits=0 status=0 QTime=1 
Dec 24, 2013 10:33:13 AM org.apache.solr.core.SolrCore execute
INFO: [development] webapp=/solr path=/select params={fl=*+score&start=0&q=Mobile&qf=name_text&wt=ruby&fq=type:Category&rows=30&defType=edismax} hits=1 status=0 QTime=0 
Dec 24, 2013 10:34:34 AM org.apache.solr.core.SolrCore execute
INFO: [development] webapp=/solr path=/select params={fl=*+score&start=0&q=Mobile&qf=name_text&wt=ruby&fq=type:Product&rows=30&defType=edismax} hits=0 status=0 QTime=1 
Dec 24, 2013 10:34:34 AM org.apache.solr.core.SolrCore execute
INFO: [development] webapp=/solr path=/select params={fl=*+score&start=0&q=Mobile&qf=name_text&wt=ruby&fq=type:Category&rows=30&defType=edismax} hits=1 status=0 QTime=1 
Dec 24, 2013 10:34:40 AM org.apache.solr.core.SolrCore execute
INFO: [development] webapp=/solr path=/select params={fl=*+score&start=0&q=Nokia&qf=name_text&wt=ruby&fq=type:Product&rows=30&defType=edismax} hits=3 status=0 QTime=1 
Dec 24, 2013 10:34:40 AM org.apache.solr.core.SolrCore execute
INFO: [development] webapp=/solr path=/select params={fl=*+score&start=0&q=Nokia&qf=name_text&wt=ruby&fq=type:Category&rows=30&defType=edismax} hits=1 status=0 QTime=1 
Dec 24, 2013 10:35:31 AM org.apache.solr.core.SolrCore execute
INFO: [development] webapp=/solr path=/select params={fl=*+score&start=0&q=Nokia&qf=name_text&wt=ruby&fq=type:Product&rows=30&defType=edismax} hits=3 status=0 QTime=1 
Dec 24, 2013 10:35:31 AM org.apache.solr.core.SolrCore execute
INFO: [development] webapp=/solr path=/select params={fl=*+score&start=0&q=Nokia&qf=name_text&wt=ruby&fq=type:Category&rows=30&defType=edismax} hits=1 status=0 QTime=1 
Dec 24, 2013 10:36:26 AM org.apache.solr.core.SolrCore execute
INFO: [development] webapp=/solr path=/select params={fl=*+score&start=0&q=Nokia+206&qf=name_text&wt=ruby&fq=type:Product&rows=30&defType=edismax} hits=1 status=0 QTime=9 
Dec 24, 2013 10:36:26 AM org.apache.solr.core.SolrCore execute
INFO: [development] webapp=/solr path=/select params={fl=*+score&start=0&q=Nokia+206&qf=name_text&wt=ruby&fq=type:Category&rows=30&defType=edismax} hits=0 status=0 QTime=2 
Dec 24, 2013 10:37:34 AM org.apache.solr.core.SolrCore execute
INFO: [development] webapp=/solr path=/select params={fl=*+score&start=0&q=Nokia+206&qf=name_text&wt=ruby&fq=type:Product&rows=30&defType=edismax} hits=1 status=0 QTime=1 
Dec 24, 2013 10:37:34 AM org.apache.solr.core.SolrCore execute
INFO: [development] webapp=/solr path=/select params={fl=*+score&start=0&q=Nokia+206&qf=name_text&wt=ruby&fq=type:Category&rows=30&defType=edismax} hits=0 status=0 QTime=1 
Dec 24, 2013 10:37:47 AM org.apache.solr.core.SolrCore execute
INFO: [development] webapp=/solr path=/select params={fl=*+score&start=0&q=Nokia+206&qf=name_text&wt=ruby&fq=type:Product&rows=30&defType=edismax} hits=1 status=0 QTime=1 
Dec 24, 2013 10:37:47 AM org.apache.solr.core.SolrCore execute
INFO: [development] webapp=/solr path=/select params={fl=*+score&start=0&q=Nokia+206&qf=name_text&wt=ruby&fq=type:Category&rows=30&defType=edismax} hits=0 status=0 QTime=2 
Dec 24, 2013 10:38:15 AM org.apache.solr.core.SolrCore execute
INFO: [development] webapp=/solr path=/select params={fl=*+score&start=0&q=Nokia&qf=name_text&wt=ruby&fq=type:Product&rows=30&defType=edismax} hits=3 status=0 QTime=1 
Dec 24, 2013 10:38:15 AM org.apache.solr.core.SolrCore execute
INFO: [development] webapp=/solr path=/select params={fl=*+score&start=0&q=Nokia&qf=name_text&wt=ruby&fq=type:Category&rows=30&defType=edismax} hits=1 status=0 QTime=1 
Dec 24, 2013 10:41:24 AM org.apache.solr.core.SolrCore execute
INFO: [development] webapp=/solr path=/select params={fl=*+score&start=0&q=Nokia&qf=name_text&wt=ruby&fq=type:Product&rows=30&defType=edismax} hits=3 status=0 QTime=1 
Dec 24, 2013 10:41:24 AM org.apache.solr.core.SolrCore execute
INFO: [development] webapp=/solr path=/select params={fl=*+score&start=0&q=Nokia&qf=name_text&wt=ruby&fq=type:Category&rows=30&defType=edismax} hits=1 status=0 QTime=0 
Dec 24, 2013 10:46:31 AM org.apache.solr.core.SolrCore execute
INFO: [development] webapp=/solr path=/select params={fl=*+score&start=0&q=Nokia&qf=name_text&wt=ruby&fq=type:Product&rows=30&defType=edismax} hits=3 status=0 QTime=1 
Dec 24, 2013 10:46:31 AM org.apache.solr.core.SolrCore execute
INFO: [development] webapp=/solr path=/select params={fl=*+score&start=0&q=Nokia&qf=name_text&wt=ruby&fq=type:Category&rows=30&defType=edismax} hits=1 status=0 QTime=1 
Dec 24, 2013 10:46:54 AM org.apache.solr.core.SolrCore execute
INFO: [development] webapp=/solr path=/select params={fl=*+score&start=0&q=Mobile&qf=name_text&wt=ruby&fq=type:Product&rows=30&defType=edismax} hits=0 status=0 QTime=1 
Dec 24, 2013 10:46:54 AM org.apache.solr.core.SolrCore execute
INFO: [development] webapp=/solr path=/select params={fl=*+score&start=0&q=Mobile&qf=name_text&wt=ruby&fq=type:Category&rows=30&defType=edismax} hits=1 status=0 QTime=1 
Dec 24, 2013 10:47:20 AM org.apache.solr.core.SolrCore execute
INFO: [development] webapp=/solr path=/select params={fl=*+score&start=0&q=Nokia&qf=name_text&wt=ruby&fq=type:Product&rows=30&defType=edismax} hits=3 status=0 QTime=0 
Dec 24, 2013 10:47:20 AM org.apache.solr.core.SolrCore execute
INFO: [development] webapp=/solr path=/select params={fl=*+score&start=0&q=Nokia&qf=name_text&wt=ruby&fq=type:Category&rows=30&defType=edismax} hits=1 status=0 QTime=0 
Dec 24, 2013 10:47:40 AM org.apache.solr.core.SolrCore execute
INFO: [development] webapp=/solr path=/select params={fl=*+score&start=0&q=Nokia&qf=name_text&wt=ruby&fq=type:Product&rows=30&defType=edismax} hits=3 status=0 QTime=1 
Dec 24, 2013 10:47:40 AM org.apache.solr.core.SolrCore execute
INFO: [development] webapp=/solr path=/select params={fl=*+score&start=0&q=Nokia&qf=name_text&wt=ruby&fq=type:Category&rows=30&defType=edismax} hits=1 status=0 QTime=0 
Dec 24, 2013 10:53:20 AM org.apache.solr.core.SolrCore execute
INFO: [development] webapp=/solr path=/select params={fl=*+score&start=0&q=Nokia&qf=name_text&wt=ruby&fq=type:Product&rows=30&defType=edismax} hits=3 status=0 QTime=1 
Dec 24, 2013 10:53:20 AM org.apache.solr.core.SolrCore execute
INFO: [development] webapp=/solr path=/select params={fl=*+score&start=0&q=Nokia&qf=name_text&wt=ruby&fq=type:Category&rows=30&defType=edismax} hits=1 status=0 QTime=1 
Dec 24, 2013 10:55:38 AM org.apache.solr.core.SolrCore execute
INFO: [development] webapp=/solr path=/select params={fl=*+score&start=0&q=Nokia&qf=name_text&wt=ruby&fq=type:Product&rows=30&defType=edismax} hits=3 status=0 QTime=1 
Dec 24, 2013 10:55:38 AM org.apache.solr.core.SolrCore execute
INFO: [development] webapp=/solr path=/select params={fl=*+score&start=0&q=Nokia&qf=name_text&wt=ruby&fq=type:Category&rows=30&defType=edismax} hits=1 status=0 QTime=1 
Dec 24, 2013 10:56:04 AM org.apache.solr.core.SolrCore execute
INFO: [development] webapp=/solr path=/select params={fl=*+score&start=0&q=Mobile&qf=name_text&wt=ruby&fq=type:Product&rows=30&defType=edismax} hits=0 status=0 QTime=0 
Dec 24, 2013 10:56:04 AM org.apache.solr.core.SolrCore execute
INFO: [development] webapp=/solr path=/select params={fl=*+score&start=0&q=Mobile&qf=name_text&wt=ruby&fq=type:Category&rows=30&defType=edismax} hits=1 status=0 QTime=1 
Dec 24, 2013 10:57:40 AM org.apache.solr.core.SolrCore execute
INFO: [development] webapp=/solr path=/select params={fl=*+score&start=0&q=Mobile&qf=name_text&wt=ruby&fq=type:Product&rows=30&defType=edismax} hits=0 status=0 QTime=2 
Dec 24, 2013 10:57:40 AM org.apache.solr.core.SolrCore execute
INFO: [development] webapp=/solr path=/select params={fl=*+score&start=0&q=Mobile&qf=name_text&wt=ruby&fq=type:Category&rows=30&defType=edismax} hits=1 status=0 QTime=1 
Dec 24, 2013 10:57:47 AM org.apache.solr.core.SolrCore execute
INFO: [development] webapp=/solr path=/select params={fl=*+score&start=0&q=Nokia&qf=name_text&wt=ruby&fq=type:Product&rows=30&defType=edismax} hits=3 status=0 QTime=1 
Dec 24, 2013 10:57:47 AM org.apache.solr.core.SolrCore execute
INFO: [development] webapp=/solr path=/select params={fl=*+score&start=0&q=Nokia&qf=name_text&wt=ruby&fq=type:Category&rows=30&defType=edismax} hits=1 status=0 QTime=1 
Dec 24, 2013 10:58:35 AM org.apache.solr.core.SolrCore execute
INFO: [development] webapp=/solr path=/select params={fl=*+score&start=0&q=Nokia+206&qf=name_text&wt=ruby&fq=type:Product&rows=30&defType=edismax} hits=1 status=0 QTime=1 
Dec 24, 2013 10:58:35 AM org.apache.solr.core.SolrCore execute
INFO: [development] webapp=/solr path=/select params={fl=*+score&start=0&q=Nokia+206&qf=name_text&wt=ruby&fq=type:Category&rows=30&defType=edismax} hits=0 status=0 QTime=0 
Dec 24, 2013 10:58:54 AM org.apache.solr.core.SolrCore execute
INFO: [development] webapp=/solr path=/select params={fl=*+score&start=0&q=Nokia&qf=name_text&wt=ruby&fq=type:Product&rows=30&defType=edismax} hits=3 status=0 QTime=1 
Dec 24, 2013 10:58:54 AM org.apache.solr.core.SolrCore execute
INFO: [development] webapp=/solr path=/select params={fl=*+score&start=0&q=Nokia&qf=name_text&wt=ruby&fq=type:Category&rows=30&defType=edismax} hits=1 status=0 QTime=0 
Dec 24, 2013 11:23:14 AM org.apache.solr.core.SolrCore execute
INFO: [development] webapp=/solr path=/select params={fl=*+score&start=0&q=Nokia&qf=name_text&wt=ruby&fq=type:Product&rows=30&defType=edismax} hits=3 status=0 QTime=1 
Dec 24, 2013 11:23:14 AM org.apache.solr.core.SolrCore execute
INFO: [development] webapp=/solr path=/select params={fl=*+score&start=0&q=Nokia&qf=name_text&wt=ruby&fq=type:Category&rows=30&defType=edismax} hits=1 status=0 QTime=0 
Dec 24, 2013 11:23:37 AM org.apache.solr.core.SolrCore execute
INFO: [development] webapp=/solr path=/select params={fl=*+score&start=0&q=Nokia&qf=name_text&wt=ruby&fq=type:Product&rows=30&defType=edismax} hits=3 status=0 QTime=1 
Dec 24, 2013 11:23:37 AM org.apache.solr.core.SolrCore execute
INFO: [development] webapp=/solr path=/select params={fl=*+score&start=0&q=Nokia&qf=name_text&wt=ruby&fq=type:Category&rows=30&defType=edismax} hits=1 status=0 QTime=0 
Dec 24, 2013 11:25:50 AM org.apache.solr.core.SolrCore execute
INFO: [development] webapp=/solr path=/select params={fl=*+score&start=0&q=Nokia&qf=name_text&wt=ruby&fq=type:Product&rows=30&defType=edismax} hits=3 status=0 QTime=1 
Dec 24, 2013 11:25:50 AM org.apache.solr.core.SolrCore execute
INFO: [development] webapp=/solr path=/select params={fl=*+score&start=0&q=Nokia&qf=name_text&wt=ruby&fq=type:Category&rows=30&defType=edismax} hits=1 status=0 QTime=1 
Dec 24, 2013 11:26:35 AM org.apache.solr.core.SolrCore execute
INFO: [development] webapp=/solr path=/select params={fl=*+score&start=0&q=Nokia&qf=name_text&wt=ruby&fq=type:Product&rows=30&defType=edismax} hits=3 status=0 QTime=1 
Dec 24, 2013 11:26:35 AM org.apache.solr.core.SolrCore execute
INFO: [development] webapp=/solr path=/select params={fl=*+score&start=0&q=Nokia&qf=name_text&wt=ruby&fq=type:Category&rows=30&defType=edismax} hits=1 status=0 QTime=1 
Dec 24, 2013 11:27:13 AM org.apache.solr.core.SolrCore execute
INFO: [development] webapp=/solr path=/select params={fl=*+score&start=0&q=Nokia&qf=name_text&wt=ruby&fq=type:Product&rows=30&defType=edismax} hits=3 status=0 QTime=0 
Dec 24, 2013 11:27:13 AM org.apache.solr.core.SolrCore execute
INFO: [development] webapp=/solr path=/select params={fl=*+score&start=0&q=Nokia&qf=name_text&wt=ruby&fq=type:Category&rows=30&defType=edismax} hits=1 status=0 QTime=1 
Dec 24, 2013 11:27:19 AM org.apache.solr.core.SolrCore execute
INFO: [development] webapp=/solr path=/select params={fl=*+score&start=0&q=Nokia&qf=name_text&wt=ruby&fq=type:Product&rows=30&defType=edismax} hits=3 status=0 QTime=1 
Dec 24, 2013 11:27:19 AM org.apache.solr.core.SolrCore execute
INFO: [development] webapp=/solr path=/select params={fl=*+score&start=0&q=Nokia&qf=name_text&wt=ruby&fq=type:Category&rows=30&defType=edismax} hits=1 status=0 QTime=0 
Dec 24, 2013 11:40:15 AM org.apache.solr.core.SolrCore execute
INFO: [development] webapp=/solr path=/select params={fl=*+score&start=0&q=Nokia&qf=name_text&wt=ruby&fq=type:Product&rows=30&defType=edismax} hits=3 status=0 QTime=1 
Dec 24, 2013 11:40:15 AM org.apache.solr.core.SolrCore execute
INFO: [development] webapp=/solr path=/select params={fl=*+score&start=0&q=Nokia&qf=name_text&wt=ruby&fq=type:Category&rows=30&defType=edismax} hits=1 status=0 QTime=0 
Dec 24, 2013 11:40:27 AM org.apache.solr.core.SolrCore execute
INFO: [development] webapp=/solr path=/select params={fl=*+score&start=0&q=Mobile&qf=name_text&wt=ruby&fq=type:Product&rows=30&defType=edismax} hits=0 status=0 QTime=1 
Dec 24, 2013 11:40:27 AM org.apache.solr.core.SolrCore execute
INFO: [development] webapp=/solr path=/select params={fl=*+score&start=0&q=Mobile&qf=name_text&wt=ruby&fq=type:Category&rows=30&defType=edismax} hits=1 status=0 QTime=0 
